[Thu, 13 Feb 2014 16:45:43 +0100] revision: 215
[Thu, 13 Feb 2014 17:13:51 +0100] revision: 215
[Thu, 13 Feb 2014 17:16:19 +0100] revision: 215
[Thu, 13 Feb 2014 17:47:04 +0100] revision: 215
[Tue, 18 Feb 2014 10:37:32 +0100] revision: 215
[Tue, 18 Feb 2014 11:37:19 +0100] revision: 215
[Tue, 18 Feb 2014 11:47:46 +0100] revision: 215
[Tue, 04 Mar 2014 13:51:48 +0100] revision: 218
[Wed, 05 Mar 2014 15:54:30 +0100] revision: 218
[Thu, 06 Mar 2014 10:24:34 +0100] revision: 218
[Fri, 07 Mar 2014 10:26:38 +0100] revision: 218
[Fri, 07 Mar 2014 10:32:44 +0100] revision: 218
[Fri, 07 Mar 2014 10:52:00 +0100] revision: 218
[Fri, 07 Mar 2014 10:57:04 +0100] revision: 218
[Fri, 07 Mar 2014 10:57:38 +0100] revision: 218
[Fri, 07 Mar 2014 11:47:35 +0100] revision: 218
[Fri, 07 Mar 2014 13:56:19 +0100] revision: 218
[Fri, 07 Mar 2014 14:33:29 +0100] revision: 218
[Wed, 12 Mar 2014 12:55:38 +0100] revision: 218
[Wed, 12 Mar 2014 15:17:51 +0100] revision: 218
[Wed, 12 Mar 2014 16:06:34 +0100] revision: 218
[Wed, 12 Mar 2014 16:08:41 +0100] revision: 218
[Wed, 12 Mar 2014 16:16:04 +0100] revision: 218
[Mon, 17 Mar 2014 17:56:52 +0100] revision: 218
[Tue, 18 Mar 2014 11:34:49 +0100] revision: 218
[Tue, 18 Mar 2014 11:43:45 +0100] revision: 218
[Tue, 18 Mar 2014 11:43:57 +0100] revision: 218
[Tue, 18 Mar 2014 11:46:18 +0100] revision: 218
[Tue, 18 Mar 2014 11:47:23 +0100] revision: 218
[Tue, 18 Mar 2014 11:47:44 +0100] revision: 218
[Tue, 18 Mar 2014 15:37:00 +0100] revision: 218
[Tue, 18 Mar 2014 16:18:08 +0100] revision: 218
[Thu, 20 Mar 2014 10:56:50 +0100] revision: 218
[Thu, 20 Mar 2014 11:55:14 +0100] revision: 218
[Thu, 20 Mar 2014 16:26:41 +0100] revision: 218
[Thu, 20 Mar 2014 16:32:47 +0100] revision: 218
[Tue, 25 Mar 2014 17:00:37 +0100] revision: 220
[Mon, 31 Mar 2014 12:49:31 +0200] revision: 220
[Mon, 31 Mar 2014 12:57:58 +0200] revision: 220
[Mon, 31 Mar 2014 16:50:28 +0200] revision: 220
[Tue, 01 Apr 2014 10:03:30 +0200] revision: 220
[Tue, 01 Apr 2014 10:05:45 +0200] revision: 220
[Tue, 01 Apr 2014 10:17:00 +0200] revision: 220
[Tue, 01 Apr 2014 10:30:49 +0200] revision: 220
[Tue, 01 Apr 2014 10:39:27 +0200] revision: 220
[Tue, 01 Apr 2014 10:43:45 +0200] revision: 220
[Thu, 03 Apr 2014 13:31:49 +0200] revision: 220
[Thu, 03 Apr 2014 13:32:20 +0200] revision: 220
[Tue, 22 Apr 2014 18:13:01 +0200] revision: 229
[Tue, 22 Apr 2014 18:14:25 +0200] revision: 229
[Thu, 24 Apr 2014 13:27:58 +0200] revision: 229
[Mon, 28 Apr 2014 12:46:17 +0200] revision: 229
[Tue, 29 Apr 2014 12:46:25 +0200] revision: 229
[Mon, 05 May 2014 15:19:36 +0200] revision: 230
[Wed, 07 May 2014 16:39:18 +0200] revision: 230
[Wed, 07 May 2014 17:23:44 +0200] revision: 230
[Thu, 08 May 2014 11:08:11 +0200] revision: 230
[Thu, 08 May 2014 11:15:44 +0200] revision: 230
[Mon, 12 May 2014 13:16:05 +0200] revision: 230
[Tue, 13 May 2014 17:46:30 +0200] revision: 230
[Tue, 13 May 2014 18:18:47 +0200] revision: 230
[Tue, 13 May 2014 18:23:37 +0200] revision: 230
[Mon, 19 May 2014 18:23:18 +0200] revision: 230
[Tue, 20 May 2014 10:42:10 +0200] revision: 230
[Wed, 21 May 2014 16:10:40 +0200] revision: 234
[Mon, 26 May 2014 16:41:39 +0200] revision: 234
[Thu, 29 May 2014 16:06:51 +0200] revision: 234
[Mon, 02 Jun 2014 16:07:38 +0200] revision: 234
[Mon, 02 Jun 2014 16:10:46 +0200] revision: 234
[Mon, 02 Jun 2014 16:22:20 +0200] revision: 234
[Mon, 02 Jun 2014 16:45:52 +0200] revision: 234
[Thu, 05 Jun 2014 12:14:29 +0200] revision: 234
[Thu, 05 Jun 2014 12:20:49 +0200] revision: 234
[Mon, 09 Jun 2014 11:32:43 +0200] revision: 234
[Mon, 09 Jun 2014 13:22:13 +0200] revision: 234
[Tue, 10 Jun 2014 09:58:49 +0200] revision: 234
[Tue, 10 Jun 2014 13:46:35 +0200] revision: 234
[Fri, 20 Jun 2014 12:21:51 +0200] revision: 234
[Tue, 24 Jun 2014 13:45:59 +0200] revision: 234
[Tue, 24 Jun 2014 13:46:11 +0200] revision: 234
[Thu, 26 Jun 2014 10:19:35 +0200] revision: 234
[Thu, 03 Jul 2014 10:34:40 +0200] revision: 234
[Thu, 03 Jul 2014 10:36:31 +0200] revision: 234
[Thu, 03 Jul 2014 10:38:26 +0200] revision: 234
[Thu, 03 Jul 2014 12:33:04 +0200] revision: 234
[Thu, 10 Jul 2014 12:08:30 +0200] revision: 234
[Wed, 16 Jul 2014 13:32:26 +0200] revision: 234
[Mon, 21 Jul 2014 13:25:45 +0200] revision: 234
[Tue, 22 Jul 2014 12:28:46 +0200] revision: 235
[Tue, 22 Jul 2014 13:38:48 +0200] revision: 235
[Mon, 28 Jul 2014 13:30:49 +0200] revision: 235
[Tue, 12 Aug 2014 12:19:03 +0200] revision: 235
[Tue, 12 Aug 2014 12:19:26 +0200] revision: 235
[Tue, 12 Aug 2014 13:14:32 +0200] revision: 235
[Tue, 12 Aug 2014 13:40:27 +0200] revision: 235
[Tue, 12 Aug 2014 13:45:32 +0200] revision: 235
[Wed, 13 Aug 2014 10:55:02 +0200] revision: 235
[Wed, 13 Aug 2014 13:01:15 +0200] revision: 235
[Wed, 13 Aug 2014 14:10:36 +0200] revision: [Thu, 14 Aug 2014 12:31:16 +0200] revision: 235
[Tue, 26 Aug 2014 09:36:38 +0200] revision: [Thu, 28 Aug 2014 11:17:12 +0200] revision: [Fri, 29 Aug 2014 10:17:01 +0200] revision: [Tue, 02 Sep 2014 12:51:32 +0200] revision: [Tue, 02 Sep 2014 12:52:05 +0200] revision: [Tue, 02 Sep 2014 15:50:18 +0200] revision: [Tue, 02 Sep 2014 17:27:22 +0200] revision: 236
[Fri, 17 Oct 2014 12:55:57 +0200] revision: [Mon, 27 Oct 2014 15:41:42 +0100] revision: [Mon, 27 Oct 2014 15:42:27 +0100] revision: [Tue, 17 Mar 2015 11:59:31 +0100] revision: Directorio 
 no versionado[Tue, 17 Mar 2015 12:03:21 +0100] revision: Directorio 
 no versionado[Tue, 17 Mar 2015 12:04:04 +0100] revision: Directorio 
 no versionado[Tue, 17 Mar 2015 12:06:40 +0100] revision: Directorio 
 no versionado[Mon, 09 Nov 2015 15:18:12 +0100] revision: d694aa1 add comment pk
[Mon, 09 Nov 2015 15:30:48 +0100] revision: d694aa1 add comment pk
[Mon, 09 Nov 2015 15:35:14 +0100] revision: d694aa1 add comment pk
[Fri, 26 Feb 2016 10:44:08 +0100] revision: 7b3eff1 Bug fix para el commit 2560d04 "toArray recursivo si contiene modelos precargados"
